[2017-05-10 19:33:27] START
[2017-05-10 19:41:45] EDIT card_counting/controllers/default.py: 3
[2017-05-10 19:44:02] EDIT card_counting/views/default/index.html: -46
[2017-05-10 19:45:29] EDIT card_counting/views/default/index.html: -1
[2017-05-10 19:46:41] EDIT card_counting/controllers/default.py: 1
[2017-05-10 19:49:34] EDIT card_counting/controllers/default.py: 0
[2017-05-10 19:52:53] EDIT card_counting/controllers/default.py: 1
[2017-05-10 19:53:29] EDIT card_counting/controllers/default.py: 0
[2017-05-10 19:56:03] EDIT card_counting/controllers/default.py: 0
[2017-05-10 20:02:48] EDIT card_counting/controllers/default.py: 0
[2017-05-10 20:03:52] CREATE default/testing.html: 0
[2017-05-10 20:04:50] EDIT card_counting/views/default/testing.html: 0
[2017-05-10 20:05:31] EDIT card_counting/controllers/default.py: 1
[2017-05-10 20:07:56] EDIT card_counting/controllers/default.py: 2
[2017-05-10 20:09:18] EDIT card_counting/views/default/testing.html: 0
[2017-05-10 20:11:12] EDIT card_counting/views/default/testing.html: -1
[2017-05-10 20:12:08] EDIT card_counting/controllers/default.py: -1
[2017-05-10 20:13:01] EDIT card_counting/controllers/default.py: 1
[2017-05-10 20:22:45] EDIT card_counting/views/default/index.html: 3
[2017-05-10 20:23:20] EDIT card_counting/views/default/index.html: 0
[2017-05-10 20:23:59] EDIT card_counting/views/default/index.html: 0
[2017-05-10 20:25:03] EDIT card_counting/views/default/index.html: 0
[2017-05-10 20:26:09] EDIT card_counting/views/default/index.html: 0
[2017-05-10 20:26:36] EDIT card_counting/views/default/index.html: 0
[2017-05-10 20:26:57] EDIT card_counting/views/default/index.html: 0
[2017-05-10 20:27:33] EDIT card_counting/views/default/index.html: 0
[2017-05-10 20:43:15] CREATE calculations.py: 0
[2017-05-10 20:44:41] EDIT card_counting/modules/calculations.py: 115
[2017-05-10 20:47:39] EDIT card_counting/views/default/testing.html: 5
[2017-05-10 20:49:14] EDIT card_counting/controllers/default.py: 2
[2017-05-10 20:49:31] EDIT card_counting/views/default/testing.html: 0
[2017-05-10 20:50:25] EDIT card_counting/controllers/default.py: 0
[2017-05-10 20:54:07] EDIT card_counting/controllers/default.py: 1
[2017-05-10 20:54:47] EDIT card_counting/views/default/testing.html: 0
[2017-05-10 20:58:28] EDIT card_counting/modules/calculations.py: 1
[2017-05-10 20:59:20] EDIT card_counting/controllers/default.py: 1
[2017-05-10 20:59:23] EDIT card_counting/views/default/testing.html: 0
[2017-05-10 20:59:38] EDIT card_counting/views/default/testing.html: 0
[2017-05-10 21:00:43] EDIT card_counting/controllers/default.py: 1
[2017-05-10 21:00:57] EDIT card_counting/controllers/default.py: -1
[2017-05-11 13:33:21] EDIT card_counting/views/default/index.html: 3
[2017-05-11 13:33:53] EDIT card_counting/controllers/default.py: 0
[2017-05-11 13:37:00] EDIT card_counting/controllers/default.py: 0
[2017-05-11 13:38:26] EDIT card_counting/controllers/default.py: 0
[2017-05-11 13:40:01] EDIT card_counting/views/default/index.html: 0
[2017-05-11 13:40:20] EDIT card_counting/views/default/index.html: 1
[2017-05-11 13:40:59] EDIT card_counting/views/default/testing.html: 0
[2017-05-11 13:41:03] EDIT card_counting/views/default/index.html: 2
[2017-05-11 13:42:46] EDIT card_counting/controllers/default.py: -1
[2017-05-11 13:43:23] EDIT card_counting/views/default/index.html: 1
[2017-05-11 13:43:56] EDIT card_counting/views/default/index.html: 0
[2017-05-11 13:44:21] EDIT card_counting/views/default/index.html: 0
[2017-05-11 13:53:05] EDIT card_counting/controllers/default.py: 1
[2017-05-11 13:53:24] EDIT card_counting/views/default/index.html: 0
[2017-05-11 13:54:21] EDIT card_counting/controllers/default.py: -1
[2017-05-11 13:54:50] EDIT card_counting/controllers/default.py: 1
[2017-05-11 13:56:22] EDIT card_counting/controllers/default.py: 0
[2017-05-11 13:56:30] EDIT card_counting/controllers/default.py: 0
[2017-05-11 13:56:46] EDIT card_counting/controllers/default.py: -2
[2017-05-11 13:56:54] EDIT card_counting/controllers/default.py: 0
[2017-05-11 13:57:15] EDIT card_counting/controllers/default.py: 0
[2017-05-11 13:58:06] CREATE default/first.html: 0
[2017-05-11 13:59:13] EDIT card_counting/controllers/default.py: 2
[2017-05-11 13:59:15] EDIT card_counting/controllers/default.py: 0
[2017-05-11 13:59:41] EDIT card_counting/views/default/first.html: 9
[2017-05-11 14:00:02] EDIT card_counting/views/default/index.html: -7
[2017-05-11 14:00:14] EDIT card_counting/controllers/default.py: 1
[2017-05-11 14:00:31] EDIT card_counting/views/default/index.html: 0
[2017-05-11 14:00:39] EDIT card_counting/views/default/index.html: 0
[2017-05-11 14:00:55] EDIT card_counting/views/default/index.html: -1
[2017-05-11 14:01:22] EDIT card_counting/controllers/default.py: 0
[2017-05-11 14:01:24] EDIT card_counting/views/default/index.html: 0
[2017-05-11 14:03:04] EDIT card_counting/controllers/default.py: 0
[2017-05-11 14:06:06] EDIT card_counting/controllers/default.py: 2
[2017-05-11 14:12:56] EDIT card_counting/controllers/default.py: 0
[2017-05-11 14:14:35] EDIT card_counting/controllers/default.py: -2
[2017-05-11 14:15:09] EDIT card_counting/controllers/default.py: 0
[2017-05-11 14:15:26] EDIT card_counting/views/default/first.html: -1
[2017-05-11 14:15:44] EDIT card_counting/views/default/first.html: -3
[2017-05-11 14:17:51] EDIT card_counting/controllers/default.py: 0
[2017-05-11 14:18:14] EDIT card_counting/views/default/first.html: 0
[2017-05-11 14:19:57] EDIT card_counting/views/default/first.html: 1
[2017-05-11 14:20:12] EDIT card_counting/views/default/first.html: -1
[2017-05-11 14:26:28] EDIT card_counting/modules/calculations.py: 0
[2017-05-11 14:27:13] EDIT card_counting/modules/calculations.py: 0
[2017-05-11 14:27:15] EDIT card_counting/controllers/default.py: 0
[2017-05-11 14:27:34] EDIT card_counting/views/default/testing.html: 1
[2017-05-11 14:28:41] EDIT card_counting/modules/calculations.py: 0
[2017-05-11 14:28:55] EDIT card_counting/modules/calculations.py: 0
[2017-05-11 14:29:00] EDIT card_counting/modules/calculations.py: 0
[2017-05-11 14:29:21] EDIT card_counting/modules/calculations.py: -1
[2017-05-11 14:34:32] EDIT card_counting/views/default/testing.html: 1
[2017-05-11 14:42:11] EDIT card_counting/modules/calculations.py: 0
[2017-05-11 14:42:56] EDIT card_counting/modules/calculations.py: 0
[2017-05-11 14:42:57] EDIT card_counting/controllers/default.py: 0
[2017-05-11 14:43:12] EDIT card_counting/views/default/testing.html: 0
[2017-05-11 14:43:21] EDIT card_counting/controllers/default.py: 0
[2017-05-11 14:43:56] EDIT card_counting/modules/calculations.py: 0
[2017-05-11 14:47:52] EDIT card_counting/views/default/index.html: 1
[2017-05-11 14:48:04] EDIT card_counting/views/default/index.html: 2
[2017-05-11 14:48:18] EDIT card_counting/views/default/testing.html: 3
[2017-05-11 14:48:31] EDIT card_counting/views/default/first.html: 3
[2017-05-11 14:53:46] EDIT card_counting/controllers/default.py: -1
[2017-05-11 14:53:47] EDIT card_counting/modules/calculations.py: 0
[2017-05-11 14:54:54] EDIT card_counting/controllers/default.py: 0
[2017-05-11 14:56:41] EDIT card_counting/controllers/default.py: 2
[2017-05-11 14:57:33] EDIT card_counting/controllers/default.py: 0
[2017-05-11 15:01:57] EDIT card_counting/modules/calculations.py: 1
[2017-05-11 15:06:36] EDIT card_counting/controllers/default.py: 0
[2017-05-11 15:06:38] EDIT card_counting/modules/calculations.py: -1
[2017-05-11 15:06:53] EDIT card_counting/modules/calculations.py: -1
[2017-05-11 15:07:20] EDIT card_counting/modules/calculations.py: 0
[2017-05-11 15:11:38] EDIT card_counting/controllers/default.py: 1
[2017-05-11 15:12:29] EDIT card_counting/controllers/default.py: 1
[2017-05-11 15:12:57] EDIT card_counting/modules/calculations.py: 2
[2017-05-11 15:21:39] EDIT card_counting/modules/calculations.py: 0
[2017-05-11 15:21:41] EDIT card_counting/views/default/testing.html: 0
[2017-05-11 15:21:41] EDIT card_counting/controllers/default.py: 2
[2017-05-11 15:22:08] EDIT card_counting/modules/calculations.py: 0
[2017-05-11 15:22:48] EDIT card_counting/modules/calculations.py: 0
[2017-05-11 16:37:34] EDIT card_counting/views/default/testing.html: 0
[2017-05-11 16:37:36] EDIT card_counting/modules/calculations.py: 0
[2017-05-11 16:37:38] EDIT card_counting/controllers/default.py: 0
[2017-05-11 16:41:34] EDIT card_counting/modules/calculations.py: 0
[2017-05-11 16:42:10] EDIT card_counting/modules/calculations.py: 0
[2017-05-11 16:42:42] EDIT card_counting/controllers/default.py: 0
[2017-05-11 16:43:40] EDIT card_counting/modules/calculations.py: 0
[2017-05-11 16:48:34] EDIT card_counting/modules/calculations.py: 0
[2017-05-11 16:48:45] EDIT card_counting/controllers/default.py: 0
[2017-05-11 17:00:57] EDIT card_counting/modules/calculations.py: 0
[2017-05-11 17:01:39] EDIT card_counting/modules/calculations.py: 1
[2017-05-11 17:02:21] EDIT card_counting/modules/calculations.py: 0
[2017-05-11 17:03:02] EDIT card_counting/modules/calculations.py: 0
[2017-05-11 17:21:49] EDIT card_counting/modules/calculations.py: 0
[2017-05-15 11:11:17] EDIT card_counting/modules/calculations.py: 0
[2017-05-15 11:12:00] EDIT card_counting/modules/calculations.py: 0
[2017-05-15 11:36:16] EDIT card_counting/modules/calculations.py: 0
[2017-05-15 15:17:57] EDIT card_counting/controllers/default.py: -1
[2017-05-15 15:17:59] EDIT card_counting/modules/calculations.py: -1
[2017-05-15 15:18:01] EDIT card_counting/views/default/testing.html: -2
[2017-05-15 15:18:02] EDIT card_counting/views/default/first.html: 0
[2017-05-15 15:19:17] EDIT card_counting/modules/calculations.py: 0
[2017-05-17 19:31:41] EDIT card_counting/modules/calculations.py: -3
[2017-05-17 19:33:29] EDIT card_counting/modules/calculations.py: 0
[2017-05-17 19:33:48] EDIT card_counting/modules/calculations.py: 0
[2017-05-17 19:37:39] EDIT card_counting/modules/calculations.py: -1
[2017-05-17 19:41:46] EDIT card_counting/views/default/testing.html: 1
[2017-05-17 19:41:48] EDIT card_counting/views/default/first.html: 0
[2017-05-17 19:41:49] EDIT card_counting/modules/calculations.py: -3
[2017-05-17 19:41:51] EDIT card_counting/controllers/default.py: 0
[2017-05-17 19:50:54] EDIT card_counting/modules/calculations.py: -2
[2017-05-17 19:51:36] EDIT card_counting/modules/calculations.py: 0
[2017-05-17 20:07:34] EDIT card_counting/controllers/default.py: 0
[2017-05-17 20:07:36] EDIT card_counting/modules/calculations.py: -6
[2017-05-17 20:09:29] EDIT card_counting/modules/calculations.py: 0
[2017-05-17 20:21:35] EDIT card_counting/modules/calculations.py: -2
[2017-05-17 20:21:52] EDIT card_counting/modules/calculations.py: 0
[2017-05-17 20:22:21] EDIT card_counting/modules/calculations.py: 0
[2017-05-17 20:22:48] EDIT card_counting/modules/calculations.py: 0
[2017-05-17 20:24:53] EDIT card_counting/modules/calculations.py: 0
[2017-05-17 20:27:59] EDIT card_counting/views/default/testing.html: 0
[2017-05-17 20:28:54] EDIT card_counting/views/default/testing.html: 0
[2017-05-17 20:29:47] EDIT card_counting/views/default/testing.html: 0
[2017-05-17 20:30:50] EDIT card_counting/modules/calculations.py: 1
[2017-05-17 20:31:18] EDIT card_counting/views/default/testing.html: 0
[2017-05-17 20:32:12] EDIT card_counting/modules/calculations.py: -1
[2017-05-17 20:33:20] EDIT card_counting/views/default/testing.html: 0
[2017-05-17 20:35:38] EDIT card_counting/modules/calculations.py: -1
[2017-05-17 20:37:18] EDIT card_counting/views/default/testing.html: 0
[2017-05-17 20:37:46] EDIT card_counting/views/default/testing.html: 0
[2017-05-17 20:40:03] EDIT card_counting/views/default/testing.html: -1
[2017-05-17 20:40:04] EDIT card_counting/modules/calculations.py: -1
[2017-05-17 20:42:58] EDIT card_counting/modules/calculations.py: 3
[2017-05-17 20:44:15] EDIT card_counting/views/default/testing.html: 7
[2017-05-17 20:45:44] EDIT card_counting/modules/calculations.py: -2
[2017-05-17 20:46:26] EDIT card_counting/modules/calculations.py: -3
[2017-05-17 20:46:28] EDIT card_counting/views/default/testing.html: -3
[2017-05-17 20:47:37] EDIT card_counting/modules/calculations.py: -7
[2017-05-17 20:47:39] EDIT card_counting/views/default/testing.html: 0
[2017-05-17 20:48:09] EDIT card_counting/views/default/testing.html: -3
[2017-05-17 20:52:17] EDIT card_counting/controllers/default.py: -3
[2017-05-17 20:57:50] EDIT card_counting/modules/calculations.py: 0
[2017-05-17 20:57:52] EDIT card_counting/controllers/default.py: 0
[2017-05-17 20:57:54] EDIT card_counting/views/default/first.html: 0
[2017-05-17 20:58:00] EDIT card_counting/views/default/testing.html: 0
